ML_LOGGER_USER is not set. This is required for online usage.
to_value is: >>> True
Importing module 'gym_37' (/workspace/thirdparties/IsaacGym/python/isaacgym/_bindings/linux-x86_64/gym_37.so)
Setting GYM_USD_PLUG_INFO_PATH to /workspace/thirdparties/IsaacGym/python/isaacgym/_bindings/linux-x86_64/usd/plugInfo.json
PyTorch version 1.10.0
Device count 1
/workspace/thirdparties/IsaacGym/python/isaacgym/_bindings/src/gymtorch
Using /root/.cache/torch_extensions/py37_cu113 as PyTorch extensions root...
Creating extension directory /root/.cache/torch_extensions/py37_cu113/gymtorch...
Emitting ninja build file /root/.cache/torch_extensions/py37_cu113/gymtorch/build.ninja...
Building extension module gymtorch...
Allowing ninja to set a default number of workers... (overridable by setting the environment variable MAX_JOBS=N)
[1/2] c++ -MMD -MF gymtorch.o.d -DTORCH_EXTENSION_NAME=gymtorch -DTORCH_API_INCLUDE_EXTENSION_H -DPYBIND11_COMPILER_TYPE=\"_gcc\" -DPYBIND11_STDLIB=\"_libstdcpp\" -DPYBIND11_BUILD_ABI=\"_cxxabi1011\" -isystem /opt/conda/lib/python3.7/site-packages/torch/include -isystem /opt/conda/lib/python3.7/site-packages/torch/include/torch/csrc/api/include -isystem /opt/conda/lib/python3.7/site-packages/torch/include/TH -isystem /opt/conda/lib/python3.7/site-packages/torch/include/THC -isystem /opt/conda/include/python3.7m -D_GLIBCXX_USE_CXX11_ABI=0 -fPIC -std=c++14 -DTORCH_MAJOR=1 -DTORCH_MINOR=10 -c /workspace/thirdparties/IsaacGym/python/isaacgym/_bindings/src/gymtorch/gymtorch.cpp -o gymtorch.o 
[2/2] c++ gymtorch.o -shared -L/opt/conda/lib/python3.7/site-packages/torch/lib -lc10 -ltorch_cpu -ltorch -ltorch_python -o gymtorch.so
Loading extension module gymtorch...
creating new logging client...✓ created a new logging client
Dashboard: http://app.dash.ml/globe_walking/2026-05-27/train/043005.243837
Log_directory: /workspace/eureka-workspace/thirdparties/DrEureka/globe_walking/runs
══════════════════════════════════════════
      AC_Args       
────────────────────┬─────────────────────
   init_noise_std   │ 1.0                 
 actor_hidden_dims  │ [512, 256, 128]     
 critic_hidden_dims │ [512, 256, 128]     
     activation     │ elu                 
adaptation_module_branch_hidden_dims│ [256, 128]          
 adaptation_labels  │ []                  
  adaptation_dims   │ []                  
 adaptation_weights │ []                  
    use_decoder     │ False               
════════════════════╧═════════════════════
      PPO_Args      
────────────────────┬─────────────────────
  value_loss_coef   │ 1.0                 
use_clipped_value_loss│ True                
     clip_param     │ 0.2                 
    entropy_coef    │ 0.01                
num_learning_epochs │ 5                   
  num_mini_batches  │ 4                   
   learning_rate    │ 0.001               
adaptation_module_learning_rate│ 0.001               
num_adaptation_module_substeps│ 1                   
      schedule      │ adaptive            
       gamma        │ 0.99                
        lam         │ 0.95                
     desired_kl     │ 0.01                
   max_grad_norm    │ 1.0                 
selective_adaptation_module_loss│ False               
════════════════════╧═════════════════════
     RunnerArgs     
────────────────────┬─────────────────────
algorithm_class_name│ RMA                 
 num_steps_per_env  │ 24                  
   max_iterations   │ 1500                
   save_interval    │ 1000                
save_video_interval │ 500                 
      log_freq      │ 10                  
       resume       │ False               
      load_run      │ -1                  
     checkpoint     │ -1                  
    resume_path     │ None                
 resume_curriculum  │ True                
 resume_checkpoint  │ ac_weights_last.pt  
════════════════════╧═════════════════════
        Cfg         
────────────────────┬─────────────────────
     multi_gpu      │ False               
      env_mini      │ {'num_envs': 4096, 'num_observations': 56, 'num_privileged_obs': 6, 'num_actions': 12, 'num_observation_history': 15, 'env_spacing': 3.0, 'send_timeouts': True, 'episode_length_s': 40.0, 'record_video': False, 'recording_width_px': 360, 'recording_height_px': 240, 'recording_mode': 'COLOR', 'num_recording_envs': 1, 'add_balls': True}
      env_full      │ {'num_envs': 4096, 'num_observations': 235, 'num_privileged_obs': 11, 'num_actions': 12, 'num_observation_history': 15, 'env_spacing': 3.0, 'send_timeouts': True, 'episode_length_s': 20, 'record_video': True, 'recording_width_px': 360, 'recording_height_px': 240, 'recording_mode': 'COLOR', 'num_recording_envs': 1, 'add_balls': True}
       robot        │ {'name': 'go2'}     
        ball        │ {'asset': 'ball', 'ball_init_pos': [0.0, 0.0, 0.0], 'ball_init_rot': [0, 0, 0, 1], 'ball_init_lin_vel': [0, 0, 0], 'ball_init_ang_vel': [0, 0, 0], 'init_pos_range': [0.0, 0.0, 0.0], 'init_vel_range': [0.0, 0.0, 0.0], 'pos_reset_prob': 0.0002, 'vel_reset_prob': 0.0008, 'pos_reset_range': [1.0, 1.0, 0.0], 'vel_reset_range': [0.3, 0.3, 0.3], 'vision_receive_prob': 0.7, 'limit_movement': False}
    sensors_mini    │ {'sensor_names': ['OrientationSensor', 'JointPositionSensor', 'JointVelocitySensor', 'ActionSensor', 'LastActionSensor', 'ClockSensor', 'YawSensor'], 'sensor_args': {'OrientationSensor': {}, 'JointPositionSensor': {}, 'JointVelocitySensor': {}, 'ActionSensor': {}, 'LastActionSensor': {'delay': 1}, 'ClockSensor': {}, 'YawSensor': {}}, 'privileged_sensor_names': {'BodyVelocitySensor': {}, 'ObjectVelocitySensor': {}}, 'privileged_sensor_args': {'BodyVelocitySensor': {}, 'ObjectVelocitySensor': {}}}
    sensors_full    │ {'sensor_names': ['OrientationSensor', 'JointPositionSensor', 'JointVelocitySensor', 'ActionSensor', 'LastActionSensor', 'ClockSensor', 'YawSensor'], 'sensor_args': {'OrientationSensor': {}, 'JointPositionSensor': {}, 'JointVelocitySensor': {}, 'ActionSensor': {}, 'LastActionSensor': {'delay': 1}, 'ClockSensor': {}, 'YawSensor': {}}, 'privileged_sensor_names': {'ObjectSensor': {}, 'BodyVelocitySensor': {}, 'ObjectVelocitySensor': {}, 'RestitutionSensor': {}, 'FrictionSensor': {}}, 'privileged_sensor_args': {'ObjectSensor': {}, 'BodyVelocitySensor': {}, 'ObjectVelocitySensor': {}, 'RestitutionSensor': {}, 'FrictionSensor': {}}}
    terrain_mini    │ {'mesh_type': 'boxes_tm', 'horizontal_scale': 0.05, 'vertical_scale': 0.005, 'border_size': 0.0, 'curriculum': False, 'static_friction': 1.0, 'dynamic_friction': 1.0, 'restitution': 0.0, 'terrain_noise_magnitude': 0.0, 'terrain_smoothness': 0.005, 'min_init_terrain_level': 0, 'max_init_terrain_level': 1, 'terrain_length': 5.0, 'terrain_width': 5.0, 'num_rows': 20, 'num_cols': 20, 'num_border_boxes': 5.0, 'terrain_proportions': [1.0, 0.0, 0.0, 0.0, 0.0], 'slope_treshold': 0.75, 'difficulty_scale': 1.0, 'x_init_range': 0.05, 'y_init_range': 0.05, 'yaw_init_range': 3.14, 'x_init_offset': 0.0, 'y_init_offset': 0.0, 'teleport_robots': False, 'teleport_thresh': 0.3, 'max_platform_height': 0.2, 'max_step_height': 0.26, 'min_step_run': 0.25, 'max_step_run': 0.4, 'center_robots': False, 'center_span': 3, 'measure_heights': False}
    terrain_full    │ {'mesh_type': 'trimesh', 'horizontal_scale': 0.1, 'vertical_scale': 0.005, 'border_size': 0, 'curriculum': True, 'static_friction': 1.0, 'dynamic_friction': 1.0, 'restitution': 0.0, 'terrain_noise_magnitude': 0.1, 'terrain_smoothness': 0.005, 'min_init_terrain_level': 0, 'max_init_terrain_level': 5, 'terrain_length': 8.0, 'terrain_width': 8.0, 'num_rows': 10, 'num_cols': 20, 'num_border_boxes': 0, 'terrain_proportions': [0.1, 0.1, 0.35, 0.25, 0.2], 'slope_treshold': 0.75, 'difficulty_scale': 1.0, 'x_init_range': 0.1, 'y_init_range': 0.1, 'yaw_init_range': 3.14, 'x_init_offset': 0.0, 'y_init_offset': 0.0, 'teleport_robots': True, 'teleport_thresh': 2.0, 'max_platform_height': 0.2, 'max_step_height': 0.26, 'min_step_run': 0.25, 'max_step_run': 0.4, 'center_robots': False, 'center_span': 5}
      commands      │ {'command_curriculum': False, 'max_reverse_curriculum': 1.0, 'max_forward_curriculum': 1.0, 'yaw_command_curriculum': False, 'max_yaw_curriculum': 1.0, 'exclusive_command_sampling': False, 'num_commands': 0, 'resampling_time': 10.0, 'subsample_gait': False, 'gait_interval_s': 10.0, 'vel_interval_s': 10.0, 'jump_interval_s': 20.0, 'jump_duration_s': 0.1, 'jump_height': 0.3, 'heading_command': False, 'global_reference': False, 'observe_accel': False, 'distributional_commands': True, 'curriculum_type': 'RewardThresholdCurriculum', 'lipschitz_threshold': 0.9, 'num_lin_vel_bins': 30, 'lin_vel_step': 0.3, 'num_ang_vel_bins': 30, 'ang_vel_step': 0.3, 'distribution_update_extension_distance': 1, 'curriculum_seed': 100, 'lin_vel_x': [-0.6, 0.6], 'lin_vel_y': [-0.6, 0.6], 'ang_vel_yaw': [-1, 1], 'body_height_cmd': [-0.05, 0.05], 'impulse_height_commands': False, 'limit_vel_x': [-10.0, 10.0], 'limit_vel_y': [-0.6, 0.6], 'limit_vel_yaw': [-10.0, 10.0], 'limit_body_height': [-0.05, 0.05], 'limit_gait_phase': [0, 0.01], 'limit_gait_offset': [0, 0.01], 'limit_gait_bound': [0, 0.01], 'limit_gait_frequency': [2.0, 2.01], 'limit_gait_duration': [0.49, 0.5], 'limit_footswing_height': [0.06, 0.061], 'limit_body_pitch': [0.0, 0.01], 'limit_body_roll': [0.0, 0.01], 'limit_aux_reward_coef': [0.0, 0.01], 'limit_compliance': [0.0, 0.01], 'limit_stance_width': [0.0, 0.01], 'limit_stance_length': [0.0, 0.01], 'num_bins_vel_x': 25, 'num_bins_vel_y': 3, 'num_bins_vel_yaw': 25, 'num_bins_body_height': 1, 'num_bins_gait_frequency': 11, 'num_bins_gait_phase': 11, 'num_bins_gait_offset': 2, 'num_bins_gait_bound': 2, 'num_bins_gait_duration': 3, 'num_bins_footswing_height': 1, 'num_bins_body_pitch': 1, 'num_bins_body_roll': 1, 'num_bins_aux_reward_coef': 1, 'num_bins_compliance': 1, 'num_bins_stance_width': 1, 'num_bins_stance_length': 1, 'heading': [-3.14, 3.14], 'gait_phase_cmd_range': [0.0, 0.01], 'gait_offset_cmd_range': [0.0, 0.01], 'gait_bound_cmd_range': [0.0, 0.01], 'gait_frequency_cmd_range': [2.0, 2.01], 'gait_duration_cmd_range': [0.49, 0.5], 'footswing_height_range': [0.06, 0.061], 'body_pitch_range': [0.0, 0.01], 'body_roll_range': [0.0, 0.01], 'aux_reward_coef_range': [0.0, 0.01], 'compliance_range': [0.0, 0.01], 'stance_width_range': [0.0, 0.01], 'stance_length_range': [0.0, 0.01], 'exclusive_phase_offset': False, 'binary_phases': False, 'pacing_offset': False, 'balance_gait_distribution': False, 'gaitwise_curricula': False}
curriculum_thresholds│ {'tracking_lin_vel': 0.8, 'tracking_ang_vel': 0.7, 'tracking_contacts_shaped_force': 0.9, 'tracking_contacts_shaped_vel': 0.9}
     init_state     │ {'pos': [0.0, 0.0, 0.3], 'rot': [0.0, 0.0, 0.0, 1.0], 'lin_vel': [0.0, 0.0, 0.0], 'ang_vel': [0.0, 0.0, 0.0], 'default_joint_angles': {'FL_hip_joint': 0.0, 'FL_thigh_joint': 0.9, 'FL_calf_joint': -1.8, 'FR_hip_joint': 0.0, 'FR_thigh_joint': 0.9, 'FR_calf_joint': -1.8, 'RL_hip_joint': 0.0, 'RL_thigh_joint': 0.9, 'RL_calf_joint': -1.8, 'RR_hip_joint': 0.0, 'RR_thigh_joint': 0.9, 'RR_calf_joint': -1.8}}
      control       │ {'control_type': 'P', 'stiffness': {'hip': 20.0, 'thigh': 20.0, 'calf': 40.0}, 'damping': {'hip': 1.0, 'thigh': 1.0, 'calf': 2.0}, 'action_scale': 0.25, 'hip_scale_reduction': 0.5, 'decimation': 4}
       asset        │ {'file': '/workspace/eureka-workspace/artifacts/go2_yoga_ball/build/go2_description_isaacgym.urdf', 'foot_name': 'foot', 'penalize_contacts_on': ['thigh', 'calf'], 'terminate_after_contacts_on': [], 'disable_gravity': False, 'collapse_fixed_joints': True, 'fix_base_link': False, 'default_dof_drive_mode': 3, 'self_collisions': 0, 'replace_cylinder_with_capsule': True, 'flip_visual_attachments': False, 'density': 0.001, 'angular_damping': 0.0, 'linear_damping': 0.0, 'max_angular_velocity': 1000.0, 'max_linear_velocity': 1000.0, 'armature': 0.0, 'thickness': 0.01}
 domain_rand_eureka │ {'randomize': True, 'robot_friction_range': [1.0, 1.0], 'robot_restitution_range': [0.0, 0.0], 'robot_payload_mass_range': [0.0, 0.0], 'robot_com_displacement_range': [0.0, 0.0], 'robot_motor_strength_range': [1.0, 1.0], 'robot_motor_offset_range': [0.0, 0.0], 'robot_Kp_factor_range': [1.0, 1.0], 'robot_Kd_factor_range': [1.0, 1.0], 'ball_radius_range': [0.35, 0.45], 'ball_mass_range': [1.0, 1.0], 'ball_friction_range': [1.0, 1.0], 'ball_restitution_range': [0.0, 0.0], 'ball_compliance_range': [0.0, 0.0], 'ball_inertia_multiplier_range': [1.6666666666666667, 1.6666666666666667], 'ball_spring_coefficient_range': [0.0, 0.0], 'ball_drag_range': [0.0, 0.0], 'ball_drag_rand_interval_s': 15, 'terrain_ground_friction_range': [1.0, 1.0], 'terrain_ground_restitution_range': [0.0, 0.0], 'terrain_tile_roughness_range': [0.0, 0.0], 'push_robot_interval_s': 15, 'robot_push_vel_range': [0.0, 0.0], 'push_ball_interval_s': 10, 'ball_push_vel_range': [0.0, 0.0], 'gravity_range': [0.0, 0.0], 'gravity_rand_interval_s': 10, 'lag_timesteps_range': [6, 6], 'lag_timesteps_rand_interval_s': 10}
  domain_rand_off   │ {'randomize': True, 'robot_friction_range': [0.1, 1.0], 'robot_restitution_range': [0.2, 0.8], 'robot_payload_mass_range': [0.0, 3.0], 'robot_com_displacement_range': [-0.05, 0.05], 'robot_motor_strength_range': [0.95, 1.05], 'robot_motor_offset_range': [-0.005, 0.05], 'robot_Kp_factor_range': [1.0, 1.0], 'robot_Kd_factor_range': [1.0, 1.0], 'ball_radius_range': [0.45, 0.45], 'ball_mass_range': [1.0, 3.0], 'ball_friction_range': [0.5, 2.5], 'ball_restitution_range': [0.4, 0.9], 'ball_compliance_range': [0.0, 1.0], 'ball_inertia_multiplier_range': [1.6666666666666667, 1.6666666666666667], 'ball_spring_coefficient_range': [0.0, 0.0], 'ball_drag_range': [0.1, 0.5], 'ball_drag_rand_interval_s': 15, 'terrain_ground_friction_range': [0.2, 0.8], 'terrain_ground_restitution_range': [0.0, 0.5], 'terrain_tile_roughness_range': [0.02, 0.08], 'push_robot_interval_s': 15, 'robot_push_vel_range': [0.1, 0.4], 'push_ball_interval_s': 10, 'ball_push_vel_range': [0.1, 0.4], 'gravity_range': [-0.1, 0.1], 'gravity_rand_interval_s': 10, 'lag_timesteps_range': [6, 6], 'lag_timesteps_rand_interval_s': 10}
      rewards       │ {'reward_container_name': 'EurekaReward', 'soft_dof_pos_limit': 0.9, 'use_terminal_body_height': True, 'terminal_body_height': 0.2, 'use_terminal_roll_pitch': False, 'terminal_body_ori': 0.5, 'constrict': False, 'constrict_indices': [], 'constrict_ranges': [[]], 'constrict_after': 0}
   reward_scales    │ {'termination': -0.0, 'tracking_lin_vel': 1.0, 'tracking_ang_vel': 0.5, 'lin_vel_z': -2.0, 'ang_vel_xy': -0.05, 'orientation': -0.0, 'torques': -1e-05, 'dof_vel': -0.0, 'dof_acc': -2.5e-07, 'base_height': -0.0, 'feet_air_time': 1.0, 'collision': -1.0, 'feet_stumble': -0.0, 'action_rate': -0.01, 'stand_still': -0.0, 'tracking_lin_vel_lat': 0.0, 'tracking_lin_vel_long': 0.0, 'tracking_contacts': 0.0, 'tracking_contacts_shaped': 0.0, 'tracking_contacts_shaped_force': 0.0, 'tracking_contacts_shaped_vel': 0.0, 'jump': 0.0, 'energy': 0.0, 'energy_expenditure': 0.0, 'survival': 0.0, 'dof_pos_limits': 0.0, 'dof_vel_limits': 0.0, 'torque_limits': 0.0, 'feet_contact_forces': 0.0, 'feet_slip': 0.0, 'feet_accel': 0.0, 'dof_pos': 0.0, 'action_smoothness_1': 0.0, 'action_smoothness_2': 0.0, 'base_motion': 0.0, 'feet_impact_vel': 0.0, 'raibert_heuristic': 0.0, 'dribbling_robot_ball_vel': 0.0, 'dribbling_robot_ball_pos': 0.0, 'dribbling_ball_vel': 0.0, 'dribbling_robot_ball_yaw': 0.0, 'dribbling_ball_vel_norm': 0.0, 'dribbling_ball_vel_angle': 0.0, 'gripper_handle_pos': 0.0, 'gripper_handle_height': 0.0, 'turn_handle': 0.0, 'open_door': 0.0, 'robot_door_pos': 0.0, 'robot_door_ori': 0.0, 'estimation_bonus': 0.0}
   normalization    │ {'clip_observations': 100.0, 'clip_actions': 10.0}
     obs_scales     │ {'lin_vel': 2.0, 'ang_vel': 0.25, 'dof_pos': 1.0, 'dof_vel': 0.05, 'imu': 0.1, 'height_measurements': 5.0, 'friction_measurements': 1.0, 'body_height_cmd': 2.0, 'gait_phase_cmd': 1.0, 'gait_freq_cmd': 1.0, 'footswing_height_cmd': 0.15, 'body_pitch_cmd': 0.3, 'body_roll_cmd': 0.3, 'aux_reward_cmd': 1.0, 'compliance_cmd': 1.0, 'stance_width_cmd': 1.0, 'stance_length_cmd': 1.0, 'segmentation_image': 1.0, 'rgb_image': 1.0, 'depth_image': 1.0, 'ball_pos': 1.0}
       noise        │ {'add_noise': True, 'noise_level': 1.0}
    noise_scales    │ {'dof_pos': 0.01, 'dof_vel': 1.5, 'gravity': 0.05, 'feet_contact_states': 0.05, 'ball_pos': 0.05}
       viewer       │ {'ref_env': 0, 'pos': None, 'lookat': None}
        sim         │ {'dt': 0.005, 'substeps': 1, 'gravity': [0.0, 0.0, -9.81], 'up_axis': 1, 'use_gpu_pipeline': True, 'physx_mini': {'num_threads': 10, 'solver_type': 1, 'num_position_iterations': 4, 'num_velocity_iterations': 0, 'contact_offset': 0.01, 'rest_offset': 0.0, 'bounce_threshold_velocity': 0.5, 'max_depenetration_velocity': 1.0, 'max_gpu_contact_pairs': 8388608, 'default_buffer_size_multiplier': 5, 'contact_collection': 2}, 'physx_full': {'num_threads': 10, 'solver_type': 1, 'num_position_iterations': 4, 'num_velocity_iterations': 0, 'contact_offset': 0.01, 'rest_offset': 0.0, 'bounce_threshold_velocity': 0.5, 'max_depenetration_velocity': 1.0, 'max_gpu_contact_pairs': 16777216, 'default_buffer_size_multiplier': 64, 'contact_collection': 2}, 'physx': {'num_threads': 10, 'solver_type': 1, 'num_position_iterations': 4, 'num_velocity_iterations': 0, 'contact_offset': 0.01, 'rest_offset': 0.0, 'bounce_threshold_velocity': 0.5, 'max_depenetration_velocity': 1.0, 'max_gpu_contact_pairs': 8388608, 'default_buffer_size_multiplier': 5, 'contact_collection': 2}}
     perception     │ {'measure_heights': False, 'compute_heights': False, 'measure_frictions': False, 'compute_frictions': False, 'measure_roughnesses': False, 'compute_roughnesses': False, 'camera_names': ['front', 'left', 'right', 'bottom', 'rear'], 'camera_poses': [[0.3, 0, 0], [0, 0.15, 0], [0, -0.15, 0], [0.1, 0, -0.1], [-0.2, 0, -0.1]], 'camera_rpys': [[0.0, 0, 0], [0, 0, 1.57], [0, 0, -1.57], [0, -1.57, 0], [0, -1.57, 0]], 'compute_depth': False, 'compute_rgb': False, 'compute_segmentation': False, 'image_height': 100, 'image_width': 100, 'image_horizontal_fov': 110.0}
        env         │ {'num_envs': 4096, 'num_observations': 56, 'num_privileged_obs': 6, 'num_actions': 12, 'num_observation_history': 15, 'env_spacing': 3.0, 'send_timeouts': True, 'episode_length_s': 40.0, 'record_video': False, 'recording_width_px': 360, 'recording_height_px': 240, 'recording_mode': 'COLOR', 'num_recording_envs': 1, 'add_balls': True}
      sensors       │ {'sensor_names': ['OrientationSensor', 'JointPositionSensor', 'JointVelocitySensor', 'ActionSensor', 'LastActionSensor', 'ClockSensor', 'YawSensor'], 'sensor_args': {'OrientationSensor': {}, 'JointPositionSensor': {}, 'JointVelocitySensor': {}, 'ActionSensor': {}, 'LastActionSensor': {'delay': 1}, 'ClockSensor': {}, 'YawSensor': {}}, 'privileged_sensor_names': {'BodyVelocitySensor': {}, 'ObjectVelocitySensor': {}}, 'privileged_sensor_args': {'BodyVelocitySensor': {}, 'ObjectVelocitySensor': {}}}
      terrain       │ {'mesh_type': 'boxes_tm', 'horizontal_scale': 0.05, 'vertical_scale': 0.005, 'border_size': 0.0, 'curriculum': False, 'static_friction': 1.0, 'dynamic_friction': 1.0, 'restitution': 0.0, 'terrain_noise_magnitude': 0.0, 'terrain_smoothness': 0.005, 'min_init_terrain_level': 0, 'max_init_terrain_level': 1, 'terrain_length': 5.0, 'terrain_width': 5.0, 'num_rows': 20, 'num_cols': 20, 'num_border_boxes': 5.0, 'terrain_proportions': [1.0, 0.0, 0.0, 0.0, 0.0], 'slope_treshold': 0.75, 'difficulty_scale': 1.0, 'x_init_range': 0.05, 'y_init_range': 0.05, 'yaw_init_range': 3.14, 'x_init_offset': 0.0, 'y_init_offset': 0.0, 'teleport_robots': False, 'teleport_thresh': 0.3, 'max_platform_height': 0.2, 'max_step_height': 0.26, 'min_step_run': 0.25, 'max_step_run': 0.4, 'center_robots': False, 'center_span': 3, 'measure_heights': False}
    domain_rand     │ {'randomize': True, 'robot_friction_range': [0.1, 1.0], 'robot_restitution_range': [0.2, 0.8], 'robot_payload_mass_range': [0.0, 3.0], 'robot_com_displacement_range': [-0.05, 0.05], 'robot_motor_strength_range': [0.95, 1.05], 'robot_motor_offset_range': [-0.005, 0.05], 'robot_Kp_factor_range': [1.0, 1.0], 'robot_Kd_factor_range': [1.0, 1.0], 'ball_radius_range': [0.45, 0.45], 'ball_mass_range': [1.0, 3.0], 'ball_friction_range': [0.5, 2.5], 'ball_restitution_range': [0.4, 0.9], 'ball_compliance_range': [0.0, 1.0], 'ball_inertia_multiplier_range': [1.6666666666666667, 1.6666666666666667], 'ball_spring_coefficient_range': [0.0, 0.0], 'ball_drag_range': [0.1, 0.5], 'ball_drag_rand_interval_s': 15, 'terrain_ground_friction_range': [0.2, 0.8], 'terrain_ground_restitution_range': [0.0, 0.5], 'terrain_tile_roughness_range': [0.02, 0.08], 'push_robot_interval_s': 15, 'robot_push_vel_range': [0.1, 0.4], 'push_ball_interval_s': 10, 'ball_push_vel_range': [0.1, 0.4], 'gravity_range': [-0.1, 0.1], 'gravity_rand_interval_s': 10, 'lag_timesteps_range': [6, 6], 'lag_timesteps_rand_interval_s': 10}
════════════════════╧═════════════════════[Warning] [carb.gym.plugin] useGpuPipeline is set, forcing GPU PhysX
Not connected to PVD
+++ Using GPU PhysX
Physics Engine: PhysX
Physics Device: cuda:0
GPU Pipeline: enabled
